<?xml version="1.0" encoding="UTF-8"?>
<!-- Generated by org.testng.reporters.JUnitReportReporter -->
<testsuite hostname="DESKTOP-MK78P6P" failures="0" tests="3" name="TestNG_XML.Sample2" time="0.011" errors="0" timestamp="2023-06-10T01:17:07 IST" skipped="0">
  <testcase classname="TestNG_XML.Sample2" name="TC5" time="0.002"/>
  <system-out>
    <![CDATA[Running TC5]]>
  </system-out>
  <testcase classname="TestNG_XML.Sample2" name="TC4" time="0.002"/>
  <system-out>
    <![CDATA[Running TC4]]>
  </system-out>
  <testcase classname="TestNG_XML.Sample2" name="TC6" time="0.007"/>
  <system-out>
    <![CDATA[Running TC6]]>
  </system-out>
</testsuite> <!-- TestNG_XML.Sample2 -->
