<?xml version="1.0" encoding="UTF-8"?>
<!-- Generated by org.testng.reporters.JUnitReportReporter -->
<testsuite hostname="DESKTOP-MK78P6P" failures="0" tests="1" name="TestNG_XML.Parallel2" time="18.041" errors="0" timestamp="2023-06-09T19:10:53 IST" skipped="0">
  <testcase classname="TestNG_XML.Parallel2" name="TC2" time="18.041"/>
  <system-out/>
</testsuite> <!-- TestNG_XML.Parallel2 -->
