<?xml version="1.0" encoding="UTF-8"?>
<!-- Generated by org.testng.reporters.JUnitReportReporter -->
<testsuite hostname="DESKTOP-MK78P6P" failures="0" tests="1" name="TestNG_XML.Parallel1" time="22.702" errors="0" timestamp="2023-06-09T19:10:53 IST" skipped="0">
  <testcase classname="TestNG_XML.Parallel1" name="TC1" time="22.702"/>
  <system-out/>
</testsuite> <!-- TestNG_XML.Parallel1 -->
