<?xml version="1.0" encoding="UTF-8"?>
<!-- Generated by org.testng.reporters.JUnitReportReporter -->
<testsuite hostname="DESKTOP-MK78P6P" failures="0" tests="1" name="TestNG.TestNGTestClass" time="0.028" errors="0" timestamp="2023-06-01T15:03:31 IST" skipped="0">
  <testcase classname="TestNG.TestNGTestClass" name="test" time="0.028"/>
  <system-out>
    <![CDATA[TestNG
TestNG]]>
  </system-out>
</testsuite> <!-- TestNG.TestNGTestClass -->
