<?xml version="1.0" encoding="UTF-8"?>
<!-- Generated by org.testng.reporters.JUnitReportReporter -->
<testsuite hostname="DESKTOP-MK78P6P" failures="0" tests="6" name="TestNG_XML.Groups" time="0.031" errors="0" timestamp="2023-06-09T19:10:53 IST" skipped="0">
  <testcase classname="TestNG_XML.Groups" name="TC4" time="0.003"/>
  <system-out>
    <![CDATA[Running TC4]]>
  </system-out>
  <testcase classname="TestNG_XML.Groups" name="TC1" time="0.020"/>
  <system-out>
    <![CDATA[Running TC1]]>
  </system-out>
  <testcase classname="TestNG_XML.Groups" name="TC5" time="0.002"/>
  <system-out>
    <![CDATA[Running TC5]]>
  </system-out>
  <testcase classname="TestNG_XML.Groups" name="TC3" time="0.002"/>
  <system-out>
    <![CDATA[Running TC3]]>
  </system-out>
  <testcase classname="TestNG_XML.Groups" name="TC2" time="0.002"/>
  <system-out>
    <![CDATA[Running TC2]]>
  </system-out>
  <testcase classname="TestNG_XML.Groups" name="TC6" time="0.002"/>
  <system-out>
    <![CDATA[Running TC6]]>
  </system-out>
</testsuite> <!-- TestNG_XML.Groups -->
