<?xml version="1.0" encoding="UTF-8"?>
<!-- Generated by org.testng.reporters.JUnitReportReporter -->
<testsuite hostname="DESKTOP-MK78P6P" failures="0" tests="3" name="TestNG.Parameterization" time="0.046" errors="0" timestamp="2023-06-10T17:40:43 IST" skipped="0">
  <testcase classname="TestNG.Parameterization" name="usernamepassword" time="0.011"/>
  <system-out/>
  <testcase classname="TestNG.Parameterization" name="usernamepassword" time="0.025"/>
  <system-out/>
  <testcase classname="TestNG.Parameterization" name="usernamepassword" time="0.010"/>
  <system-out/>
</testsuite> <!-- TestNG.Parameterization -->
