<?xml version="1.0" encoding="UTF-8"?>
<!-- Generated by org.testng.reporters.JUnitReportReporter -->
<testsuite hostname="DESKTOP-MK78P6P" failures="0" tests="3" name="TestNG.DataprovidersYG" time="0.045" errors="0" timestamp="2023-06-10T21:54:23 IST" skipped="0">
  <testcase classname="TestNG.DataprovidersYG" name="usernamepassword" time="0.011"/>
  <system-out/>
  <testcase classname="TestNG.DataprovidersYG" name="usernamepassword" time="0.025"/>
  <system-out/>
  <testcase classname="TestNG.DataprovidersYG" name="usernamepassword" time="0.009"/>
  <system-out/>
</testsuite> <!-- TestNG.DataprovidersYG -->
