<?xml version="1.0" encoding="UTF-8"?>
<!-- Generated by org.testng.reporters.JUnitReportReporter -->
<testsuite hostname="DESKTOP-MK78P6P" failures="0" tests="3" name="TestNG.ParameterizationRS" time="0.046" errors="0" timestamp="2023-06-10T21:32:49 IST" skipped="0">
  <testcase classname="TestNG.ParameterizationRS" name="usernamepassword" time="0.010"/>
  <system-out/>
  <testcase classname="TestNG.ParameterizationRS" name="usernamepassword" time="0.026"/>
  <system-out/>
  <testcase classname="TestNG.ParameterizationRS" name="usernamepassword" time="0.010"/>
  <system-out/>
</testsuite> <!-- TestNG.ParameterizationRS -->
